Checking out file:///var/lib/ckan/cmap/pyenv/src/ckanext-cmap
  Running setup.py egg_info for package from file:///var/lib/ckan/cmap/pyenv/src/ckanext-cmap
    running egg_info
    writing ckanext_cmap.egg-info/PKG-INFO
    writing namespace_packages to ckanext_cmap.egg-info/namespace_packages.txt
    writing top-level names to ckanext_cmap.egg-info/top_level.txt
    writing dependency_links to ckanext_cmap.egg-info/dependency_links.txt
    writing entry points to ckanext_cmap.egg-info/entry_points.txt
    warning: manifest_maker: standard file '-c' not found
    reading manifest file 'ckanext_cmap.egg-info/SOURCES.txt'
    writing manifest file 'ckanext_cmap.egg-info/SOURCES.txt'
Installing collected packages: ckanext-cmap
  Running setup.py develop for ckanext-cmap
    Running command /usr/bin/python -c "import setuptools; __file__='/var/lib/ckan/cmap/pyenv/src/ckanext-cmap/setup.py'; execfile('/var/lib/ckan/cmap/pyenv/src/ckanext-cmap/setup.py')" develop --no-deps
    running develop
    error: can't create or remove files in install directory
    
    The following error occurred while trying to add or remove files in the
    installation directory:
    
        [Errno 13] Permission denied: '/usr/local/lib/python2.6/dist-packages/test-easy-install-4474.write-test'
    
    The installation directory you specified (via --install-dir, --prefix, or
    the distutils default setting) was:
    
        /usr/local/lib/python2.6/dist-packages/
    
    Perhaps your account does not have write access to this directory?  If the
    installation directory is a system-owned directory, you may need to sign in
    as the administrator or "root" account.  If you do not have administrative
    access to this machine, you may wish to choose a different installation
    directory, preferably one that is listed in your PYTHONPATH environment
    variable.
    
    For information on other options, you may wish to consult the
    documentation at:
    
      http://peak.telecommunity.com/EasyInstall.html
    
    Please make the appropriate changes for your system and try again.
    
    Complete output from command /usr/bin/python -c "import setuptools; __file__='/var/lib/ckan/cmap/pyenv/src/ckanext-cmap/setup.py'; execfile('/var/lib/ckan/cmap/pyenv/src/ckanext-cmap/setup.py')" develop --no-deps:
    running develop

error: can't create or remove files in install directory



The following error occurred while trying to add or remove files in the

installation directory:



    [Errno 13] Permission denied: '/usr/local/lib/python2.6/dist-packages/test-easy-install-4474.write-test'



The installation directory you specified (via --install-dir, --prefix, or

the distutils default setting) was:



    /usr/local/lib/python2.6/dist-packages/



Perhaps your account does not have write access to this directory?  If the

installation directory is a system-owned directory, you may need to sign in

as the administrator or "root" account.  If you do not have administrative

access to this machine, you may wish to choose a different installation

directory, preferably one that is listed in your PYTHONPATH environment

variable.



For information on other options, you may wish to consult the

documentation at:



  http://peak.telecommunity.com/EasyInstall.html



Please make the appropriate changes for your system and try again.



----------------------------------------
Command /usr/bin/python -c "import setuptools; __file__='/var/lib/ckan/cmap/pyenv/src/ckanext-cmap/setup.py'; execfile('/var/lib/ckan/cmap/pyenv/src/ckanext-cmap/setup.py')" develop --no-deps failed with error code 1
Exception information:
Traceback (most recent call last):
  File "/usr/lib/python2.6/dist-packages/pip.py", line 252, in main
    self.run(options, args)
  File "/usr/lib/python2.6/dist-packages/pip.py", line 410, in run
    requirement_set.install(install_options)
  File "/usr/lib/python2.6/dist-packages/pip.py", line 2017, in install
    requirement.install(install_options)
  File "/usr/lib/python2.6/dist-packages/pip.py", line 1494, in install
    self.install_editable()
  File "/usr/lib/python2.6/dist-packages/pip.py", line 1562, in install_editable
    show_stdout=False)
  File "/usr/lib/python2.6/dist-packages/pip.py", line 3543, in call_subprocess
    % (command_desc, proc.returncode))
InstallationError: Command /usr/bin/python -c "import setuptools; __file__='/var/lib/ckan/cmap/pyenv/src/ckanext-cmap/setup.py'; execfile('/var/lib/ckan/cmap/pyenv/src/ckanext-cmap/setup.py')" develop --no-deps failed with error code 1
------------------------------------------------------------
/usr/bin/pip run on Sat Jul 21 17:14:59 2012
Checking out file:///var/lib/ckan/cmap/pyenv/src/ckanext-cmap
  Running setup.py egg_info for package from file:///var/lib/ckan/cmap/pyenv/src/ckanext-cmap
    running egg_info
    writing ckanext_cmap.egg-info/PKG-INFO
    writing namespace_packages to ckanext_cmap.egg-info/namespace_packages.txt
    writing top-level names to ckanext_cmap.egg-info/top_level.txt
    writing dependency_links to ckanext_cmap.egg-info/dependency_links.txt
    writing entry points to ckanext_cmap.egg-info/entry_points.txt
    warning: manifest_maker: standard file '-c' not found
    reading manifest file 'ckanext_cmap.egg-info/SOURCES.txt'
    writing manifest file 'ckanext_cmap.egg-info/SOURCES.txt'
Installing collected packages: ckanext-cmap
  Running setup.py develop for ckanext-cmap
    Running command /usr/bin/python -c "import setuptools; __file__='/var/lib/ckan/cmap/pyenv/src/ckanext-cmap/setup.py'; execfile('/var/lib/ckan/cmap/pyenv/src/ckanext-cmap/setup.py')" develop --no-deps
    running develop
    error: can't create or remove files in install directory
    
    The following error occurred while trying to add or remove files in the
    installation directory:
    
        [Errno 13] Permission denied: '/usr/local/lib/python2.6/dist-packages/test-easy-install-4571.write-test'
    
    The installation directory you specified (via --install-dir, --prefix, or
    the distutils default setting) was:
    
        /usr/local/lib/python2.6/dist-packages/
    
    Perhaps your account does not have write access to this directory?  If the
    installation directory is a system-owned directory, you may need to sign in
    as the administrator or "root" account.  If you do not have administrative
    access to this machine, you may wish to choose a different installation
    directory, preferably one that is listed in your PYTHONPATH environment
    variable.
    
    For information on other options, you may wish to consult the
    documentation at:
    
      http://peak.telecommunity.com/EasyInstall.html
    
    Please make the appropriate changes for your system and try again.
    
    Complete output from command /usr/bin/python -c "import setuptools; __file__='/var/lib/ckan/cmap/pyenv/src/ckanext-cmap/setup.py'; execfile('/var/lib/ckan/cmap/pyenv/src/ckanext-cmap/setup.py')" develop --no-deps:
    running develop

error: can't create or remove files in install directory



The following error occurred while trying to add or remove files in the

installation directory:



    [Errno 13] Permission denied: '/usr/local/lib/python2.6/dist-packages/test-easy-install-4571.write-test'



The installation directory you specified (via --install-dir, --prefix, or

the distutils default setting) was:



    /usr/local/lib/python2.6/dist-packages/



Perhaps your account does not have write access to this directory?  If the

installation directory is a system-owned directory, you may need to sign in

as the administrator or "root" account.  If you do not have administrative

access to this machine, you may wish to choose a different installation

directory, preferably one that is listed in your PYTHONPATH environment

variable.



For information on other options, you may wish to consult the

documentation at:



  http://peak.telecommunity.com/EasyInstall.html



Please make the appropriate changes for your system and try again.



----------------------------------------
Command /usr/bin/python -c "import setuptools; __file__='/var/lib/ckan/cmap/pyenv/src/ckanext-cmap/setup.py'; execfile('/var/lib/ckan/cmap/pyenv/src/ckanext-cmap/setup.py')" develop --no-deps failed with error code 1
Exception information:
Traceback (most recent call last):
  File "/usr/lib/python2.6/dist-packages/pip.py", line 252, in main
    self.run(options, args)
  File "/usr/lib/python2.6/dist-packages/pip.py", line 410, in run
    requirement_set.install(install_options)
  File "/usr/lib/python2.6/dist-packages/pip.py", line 2017, in install
    requirement.install(install_options)
  File "/usr/lib/python2.6/dist-packages/pip.py", line 1494, in install
    self.install_editable()
  File "/usr/lib/python2.6/dist-packages/pip.py", line 1562, in install_editable
    show_stdout=False)
  File "/usr/lib/python2.6/dist-packages/pip.py", line 3543, in call_subprocess
    % (command_desc, proc.returncode))
InstallationError: Command /usr/bin/python -c "import setuptools; __file__='/var/lib/ckan/cmap/pyenv/src/ckanext-cmap/setup.py'; execfile('/var/lib/ckan/cmap/pyenv/src/ckanext-cmap/setup.py')" develop --no-deps failed with error code 1
------------------------------------------------------------
/usr/bin/pip run on Sat Jul 21 17:16:18 2012
Checking out file:///var/lib/ckan/cmap/pyenv/src/ckanext-cmap
  Running setup.py egg_info for package from file:///var/lib/ckan/cmap/pyenv/src/ckanext-cmap
    running egg_info
    writing ckanext_cmap.egg-info/PKG-INFO
    writing namespace_packages to ckanext_cmap.egg-info/namespace_packages.txt
    writing top-level names to ckanext_cmap.egg-info/top_level.txt
    writing dependency_links to ckanext_cmap.egg-info/dependency_links.txt
    writing entry points to ckanext_cmap.egg-info/entry_points.txt
    warning: manifest_maker: standard file '-c' not found
    reading manifest file 'ckanext_cmap.egg-info/SOURCES.txt'
    writing manifest file 'ckanext_cmap.egg-info/SOURCES.txt'
Installing collected packages: ckanext-cmap
  Running setup.py develop for ckanext-cmap
    Running command /usr/bin/python -c "import setuptools; __file__='/var/lib/ckan/cmap/pyenv/src/ckanext-cmap/setup.py'; execfile('/var/lib/ckan/cmap/pyenv/src/ckanext-cmap/setup.py')" develop --no-deps
    running develop
    error: can't create or remove files in install directory
    
    The following error occurred while trying to add or remove files in the
    installation directory:
    
        [Errno 13] Permission denied: '/usr/local/lib/python2.6/dist-packages/test-easy-install-4669.write-test'
    
    The installation directory you specified (via --install-dir, --prefix, or
    the distutils default setting) was:
    
        /usr/local/lib/python2.6/dist-packages/
    
    Perhaps your account does not have write access to this directory?  If the
    installation directory is a system-owned directory, you may need to sign in
    as the administrator or "root" account.  If you do not have administrative
    access to this machine, you may wish to choose a different installation
    directory, preferably one that is listed in your PYTHONPATH environment
    variable.
    
    For information on other options, you may wish to consult the
    documentation at:
    
      http://peak.telecommunity.com/EasyInstall.html
    
    Please make the appropriate changes for your system and try again.
    
    Complete output from command /usr/bin/python -c "import setuptools; __file__='/var/lib/ckan/cmap/pyenv/src/ckanext-cmap/setup.py'; execfile('/var/lib/ckan/cmap/pyenv/src/ckanext-cmap/setup.py')" develop --no-deps:
    running develop

error: can't create or remove files in install directory



The following error occurred while trying to add or remove files in the

installation directory:



    [Errno 13] Permission denied: '/usr/local/lib/python2.6/dist-packages/test-easy-install-4669.write-test'



The installation directory you specified (via --install-dir, --prefix, or

the distutils default setting) was:



    /usr/local/lib/python2.6/dist-packages/



Perhaps your account does not have write access to this directory?  If the

installation directory is a system-owned directory, you may need to sign in

as the administrator or "root" account.  If you do not have administrative

access to this machine, you may wish to choose a different installation

directory, preferably one that is listed in your PYTHONPATH environment

variable.



For information on other options, you may wish to consult the

documentation at:



  http://peak.telecommunity.com/EasyInstall.html



Please make the appropriate changes for your system and try again.



----------------------------------------
Command /usr/bin/python -c "import setuptools; __file__='/var/lib/ckan/cmap/pyenv/src/ckanext-cmap/setup.py'; execfile('/var/lib/ckan/cmap/pyenv/src/ckanext-cmap/setup.py')" develop --no-deps failed with error code 1
Exception information:
Traceback (most recent call last):
  File "/usr/lib/python2.6/dist-packages/pip.py", line 252, in main
    self.run(options, args)
  File "/usr/lib/python2.6/dist-packages/pip.py", line 410, in run
    requirement_set.install(install_options)
  File "/usr/lib/python2.6/dist-packages/pip.py", line 2017, in install
    requirement.install(install_options)
  File "/usr/lib/python2.6/dist-packages/pip.py", line 1494, in install
    self.install_editable()
  File "/usr/lib/python2.6/dist-packages/pip.py", line 1562, in install_editable
    show_stdout=False)
  File "/usr/lib/python2.6/dist-packages/pip.py", line 3543, in call_subprocess
    % (command_desc, proc.returncode))
InstallationError: Command /usr/bin/python -c "import setuptools; __file__='/var/lib/ckan/cmap/pyenv/src/ckanext-cmap/setup.py'; execfile('/var/lib/ckan/cmap/pyenv/src/ckanext-cmap/setup.py')" develop --no-deps failed with error code 1
------------------------------------------------------------
/usr/bin/pip run on Tue Jul 24 11:27:30 2012
Checking out file:///var/lib/ckan/cmap/pyenv/src/ckanext-cmap
  Running setup.py egg_info for package from file:///var/lib/ckan/cmap/pyenv/src/ckanext-cmap
    running egg_info
    writing ckanext_cmap.egg-info/PKG-INFO
    writing namespace_packages to ckanext_cmap.egg-info/namespace_packages.txt
    writing top-level names to ckanext_cmap.egg-info/top_level.txt
    writing dependency_links to ckanext_cmap.egg-info/dependency_links.txt
    writing entry points to ckanext_cmap.egg-info/entry_points.txt
    warning: manifest_maker: standard file '-c' not found
    reading manifest file 'ckanext_cmap.egg-info/SOURCES.txt'
    writing manifest file 'ckanext_cmap.egg-info/SOURCES.txt'
Installing collected packages: ckanext-cmap
  Running setup.py develop for ckanext-cmap
    Running command /usr/bin/python -c "import setuptools; __file__='/var/lib/ckan/cmap/pyenv/src/ckanext-cmap/setup.py'; execfile('/var/lib/ckan/cmap/pyenv/src/ckanext-cmap/setup.py')" develop --no-deps
    running develop
    error: can't create or remove files in install directory
    
    The following error occurred while trying to add or remove files in the
    installation directory:
    
        [Errno 13] Permission denied: '/usr/local/lib/python2.6/dist-packages/test-easy-install-1157.write-test'
    
    The installation directory you specified (via --install-dir, --prefix, or
    the distutils default setting) was:
    
        /usr/local/lib/python2.6/dist-packages/
    
    Perhaps your account does not have write access to this directory?  If the
    installation directory is a system-owned directory, you may need to sign in
    as the administrator or "root" account.  If you do not have administrative
    access to this machine, you may wish to choose a different installation
    directory, preferably one that is listed in your PYTHONPATH environment
    variable.
    
    For information on other options, you may wish to consult the
    documentation at:
    
      http://peak.telecommunity.com/EasyInstall.html
    
    Please make the appropriate changes for your system and try again.
    
    Complete output from command /usr/bin/python -c "import setuptools; __file__='/var/lib/ckan/cmap/pyenv/src/ckanext-cmap/setup.py'; execfile('/var/lib/ckan/cmap/pyenv/src/ckanext-cmap/setup.py')" develop --no-deps:
    running develop

error: can't create or remove files in install directory



The following error occurred while trying to add or remove files in the

installation directory:



    [Errno 13] Permission denied: '/usr/local/lib/python2.6/dist-packages/test-easy-install-1157.write-test'



The installation directory you specified (via --install-dir, --prefix, or

the distutils default setting) was:



    /usr/local/lib/python2.6/dist-packages/



Perhaps your account does not have write access to this directory?  If the

installation directory is a system-owned directory, you may need to sign in

as the administrator or "root" account.  If you do not have administrative

access to this machine, you may wish to choose a different installation

directory, preferably one that is listed in your PYTHONPATH environment

variable.



For information on other options, you may wish to consult the

documentation at:



  http://peak.telecommunity.com/EasyInstall.html



Please make the appropriate changes for your system and try again.



----------------------------------------
Command /usr/bin/python -c "import setuptools; __file__='/var/lib/ckan/cmap/pyenv/src/ckanext-cmap/setup.py'; execfile('/var/lib/ckan/cmap/pyenv/src/ckanext-cmap/setup.py')" develop --no-deps failed with error code 1
Exception information:
Traceback (most recent call last):
  File "/usr/lib/python2.6/dist-packages/pip.py", line 252, in main
    self.run(options, args)
  File "/usr/lib/python2.6/dist-packages/pip.py", line 410, in run
    requirement_set.install(install_options)
  File "/usr/lib/python2.6/dist-packages/pip.py", line 2017, in install
    requirement.install(install_options)
  File "/usr/lib/python2.6/dist-packages/pip.py", line 1494, in install
    self.install_editable()
  File "/usr/lib/python2.6/dist-packages/pip.py", line 1562, in install_editable
    show_stdout=False)
  File "/usr/lib/python2.6/dist-packages/pip.py", line 3543, in call_subprocess
    % (command_desc, proc.returncode))
InstallationError: Command /usr/bin/python -c "import setuptools; __file__='/var/lib/ckan/cmap/pyenv/src/ckanext-cmap/setup.py'; execfile('/var/lib/ckan/cmap/pyenv/src/ckanext-cmap/setup.py')" develop --no-deps failed with error code 1
